

============================== 2022-07-15 21:04:14.796102 | 15731a5d-8338-4893-82a8-fa2d2a8d77f0 ==============================
21:04:14.796111 [info ] [MainThread]: Running with dbt=1.1.1
21:04:14.796574 [debug] [MainThread]: running dbt with arguments {'write_json': True, 'use_colors': True, 'printer_width': 80, 'version_check': True, 'partial_parse': True, 'static_parser': True, 'profiles_dir': '/home/razortech/.dbt', 'send_anonymous_usage_stats': True, 'event_buffer_size': 100000, 'quiet': False, 'no_print': False, 'project_name': 'dag_dbt_data', 'skip_profile_setup': False, 'which': 'init', 'indirect_selection': 'eager'}
21:04:14.796720 [debug] [MainThread]: Tracking: tracking
21:04:14.800051 [debug] [MainThread]: Sending event: {'category': 'dbt', 'action': 'invocation', 'label': 'start', 'context': [<snowplow_tracker.self_describing_json.SelfDescribingJson object at 0x7f51fe81f2e0>, <snowplow_tracker.self_describing_json.SelfDescribingJson object at 0x7f51fe81f430>, <snowplow_tracker.self_describing_json.SelfDescribingJson object at 0x7f51fe81f3d0>]}
21:04:14.800948 [debug] [MainThread]: Starter project path: /home/razortech/my_projects/dagster_dbt_etl/venv3.9/lib/python3.9/site-packages/dbt/include/starter_project
21:05:21.475516 [debug] [MainThread]: Sending event: {'category': 'dbt', 'action': 'invocation', 'label': 'end', 'context': [<snowplow_tracker.self_describing_json.SelfDescribingJson object at 0x7f51fe7d80d0>, <snowplow_tracker.self_describing_json.SelfDescribingJson object at 0x7f51fe7d8130>, <snowplow_tracker.self_describing_json.SelfDescribingJson object at 0x7f51fe7d8190>]}


============================== 2022-07-15 21:05:55.276274 | ca11aac7-5c7b-4771-9b86-4107ffda492d ==============================
21:05:55.276282 [info ] [MainThread]: Running with dbt=1.1.1
21:05:55.276604 [debug] [MainThread]: running dbt with arguments {'write_json': True, 'use_colors': True, 'printer_width': 80, 'version_check': True, 'partial_parse': True, 'static_parser': True, 'profiles_dir': '/home/razortech/.dbt', 'send_anonymous_usage_stats': True, 'event_buffer_size': 100000, 'quiet': False, 'no_print': False, 'project_name': 'dag_dbt_data', 'skip_profile_setup': False, 'which': 'init', 'indirect_selection': 'eager'}
21:05:55.276747 [debug] [MainThread]: Tracking: tracking
21:05:55.280266 [debug] [MainThread]: Sending event: {'category': 'dbt', 'action': 'invocation', 'label': 'start', 'context': [<snowplow_tracker.self_describing_json.SelfDescribingJson object at 0x7f1dff020070>, <snowplow_tracker.self_describing_json.SelfDescribingJson object at 0x7f1dff020460>, <snowplow_tracker.self_describing_json.SelfDescribingJson object at 0x7f1dff020400>]}
21:05:55.281175 [info ] [MainThread]: A project called dag_dbt_data already exists here.
21:05:55.281504 [debug] [MainThread]: Sending event: {'category': 'dbt', 'action': 'invocation', 'label': 'end', 'context': [<snowplow_tracker.self_describing_json.SelfDescribingJson object at 0x7f1dff0203d0>, <snowplow_tracker.self_describing_json.SelfDescribingJson object at 0x7f1dff020400>, <snowplow_tracker.self_describing_json.SelfDescribingJson object at 0x7f1dff020460>]}


============================== 2022-07-15 21:06:59.354099 | a0ecbd9f-0f8f-49a6-bbe1-a348db822a12 ==============================
21:06:59.354106 [info ] [MainThread]: Running with dbt=1.1.1
21:06:59.354416 [debug] [MainThread]: running dbt with arguments {'write_json': True, 'use_colors': True, 'printer_width': 80, 'version_check': True, 'partial_parse': True, 'static_parser': True, 'profiles_dir': '/home/razortech/.dbt', 'send_anonymous_usage_stats': True, 'event_buffer_size': 100000, 'quiet': False, 'no_print': False, 'project_name': 'dag_dbt_data', 'skip_profile_setup': False, 'which': 'init', 'indirect_selection': 'eager'}
21:06:59.354551 [debug] [MainThread]: Tracking: tracking
21:06:59.357601 [debug] [MainThread]: Sending event: {'category': 'dbt', 'action': 'invocation', 'label': 'start', 'context': [<snowplow_tracker.self_describing_json.SelfDescribingJson object at 0x7faf0d7df3a0>, <snowplow_tracker.self_describing_json.SelfDescribingJson object at 0x7faf0d7df4f0>, <snowplow_tracker.self_describing_json.SelfDescribingJson object at 0x7faf0d7df490>]}
21:06:59.358463 [debug] [MainThread]: Starter project path: /home/razortech/my_projects/dagster_dbt_etl/venv3.9/lib/python3.9/site-packages/dbt/include/starter_project
21:07:07.366058 [info ] [MainThread]: 
Your new dbt project "dag_dbt_data" was created!

For more information on how to configure the profiles.yml file,
please consult the dbt documentation here:

  https://docs.getdbt.com/docs/configure-your-profile

One more thing:

Need help? Don't hesitate to reach out to us via GitHub issues or on Slack:

  https://community.getdbt.com/

Happy modeling!

21:07:07.366564 [debug] [MainThread]: Sending event: {'category': 'dbt', 'action': 'invocation', 'label': 'end', 'context': [<snowplow_tracker.self_describing_json.SelfDescribingJson object at 0x7faf0d7df4c0>, <snowplow_tracker.self_describing_json.SelfDescribingJson object at 0x7faf0d7df430>, <snowplow_tracker.self_describing_json.SelfDescribingJson object at 0x7faf0d7df790>]}


============================== 2022-07-15 21:11:12.258477 | e30cbb3c-a0b5-4dd1-b06f-38a1ef73af6b ==============================
21:11:12.258485 [info ] [MainThread]: Running with dbt=1.1.1
21:11:12.258802 [debug] [MainThread]: running dbt with arguments {'write_json': True, 'use_colors': True, 'printer_width': 80, 'version_check': True, 'partial_parse': True, 'static_parser': True, 'profiles_dir': '/home/razortech/.dbt', 'send_anonymous_usage_stats': True, 'event_buffer_size': 100000, 'quiet': False, 'no_print': False, 'config_dir': False, 'which': 'debug', 'indirect_selection': 'eager'}
21:11:12.258979 [debug] [MainThread]: Tracking: tracking
21:11:12.262365 [debug] [MainThread]: Sending event: {'category': 'dbt', 'action': 'invocation', 'label': 'start', 'context': [<snowplow_tracker.self_describing_json.SelfDescribingJson object at 0x7f2de621f040>, <snowplow_tracker.self_describing_json.SelfDescribingJson object at 0x7f2de621f430>, <snowplow_tracker.self_describing_json.SelfDescribingJson object at 0x7f2de621f3d0>]}
21:11:12.306408 [debug] [MainThread]: Executing "git --help"
21:11:12.310541 [debug] [MainThread]: STDOUT: "b"usage: git [--version] [--help] [-C <path>] [-c <name>=<value>]\n           [--exec-path[=<path>]] [--html-path] [--man-path] [--info-path]\n           [-p | --paginate | -P | --no-pager] [--no-replace-objects] [--bare]\n           [--git-dir=<path>] [--work-tree=<path>] [--namespace=<name>]\n           [--super-prefix=<path>] [--config-env=<name>=<envvar>]\n           <command> [<args>]\n\nThese are common Git commands used in various situations:\n\nstart a working area (see also: git help tutorial)\n   clone     Clone a repository into a new directory\n   init      Create an empty Git repository or reinitialize an existing one\n\nwork on the current change (see also: git help everyday)\n   add       Add file contents to the index\n   mv        Move or rename a file, a directory, or a symlink\n   restore   Restore working tree files\n   rm        Remove files from the working tree and from the index\n\nexamine the history and state (see also: git help revisions)\n   bisect    Use binary search to find the commit that introduced a bug\n   diff      Show changes between commits, commit and working tree, etc\n   grep      Print lines matching a pattern\n   log       Show commit logs\n   show      Show various types of objects\n   status    Show the working tree status\n\ngrow, mark and tweak your common history\n   branch    List, create, or delete branches\n   commit    Record changes to the repository\n   merge     Join two or more development histories together\n   rebase    Reapply commits on top of another base tip\n   reset     Reset current HEAD to the specified state\n   switch    Switch branches\n   tag       Create, list, delete or verify a tag object signed with GPG\n\ncollaborate (see also: git help workflows)\n   fetch     Download objects and refs from another repository\n   pull      Fetch from and integrate with another repository or a local branch\n   push      Update remote refs along with associated objects\n\n'git help -a' and 'git help -g' list available subcommands and some\nconcept guides. See 'git help <command>' or 'git help <concept>'\nto read about a specific subcommand or concept.\nSee 'git help git' for an overview of the system.\n""
21:11:12.310931 [debug] [MainThread]: STDERR: "b''"
21:11:12.311422 [debug] [MainThread]: Sending event: {'category': 'dbt', 'action': 'invocation', 'label': 'end', 'context': [<snowplow_tracker.self_describing_json.SelfDescribingJson object at 0x7f2de621f3a0>, <snowplow_tracker.self_describing_json.SelfDescribingJson object at 0x7f2de59cbf70>, <snowplow_tracker.self_describing_json.SelfDescribingJson object at 0x7f2de59cb190>]}


============================== 2022-07-15 21:12:24.137886 | 5c34474f-114e-4f77-a18a-d4d69351d8b1 ==============================
21:12:24.137895 [info ] [MainThread]: Running with dbt=1.1.1
21:12:24.138239 [debug] [MainThread]: running dbt with arguments {'write_json': True, 'use_colors': True, 'printer_width': 80, 'version_check': True, 'partial_parse': True, 'static_parser': True, 'profiles_dir': '/home/razortech/.dbt', 'send_anonymous_usage_stats': True, 'event_buffer_size': 100000, 'quiet': False, 'no_print': False, 'config_dir': False, 'which': 'debug', 'indirect_selection': 'eager'}
21:12:24.138377 [debug] [MainThread]: Tracking: tracking
21:12:24.141816 [debug] [MainThread]: Sending event: {'category': 'dbt', 'action': 'invocation', 'label': 'start', 'context': [<snowplow_tracker.self_describing_json.SelfDescribingJson object at 0x7f8ac8a603d0>, <snowplow_tracker.self_describing_json.SelfDescribingJson object at 0x7f8ac8a60460>, <snowplow_tracker.self_describing_json.SelfDescribingJson object at 0x7f8ac8a60400>]}
21:12:24.188422 [debug] [MainThread]: Executing "git --help"
21:12:24.192099 [debug] [MainThread]: STDOUT: "b"usage: git [--version] [--help] [-C <path>] [-c <name>=<value>]\n           [--exec-path[=<path>]] [--html-path] [--man-path] [--info-path]\n           [-p | --paginate | -P | --no-pager] [--no-replace-objects] [--bare]\n           [--git-dir=<path>] [--work-tree=<path>] [--namespace=<name>]\n           [--super-prefix=<path>] [--config-env=<name>=<envvar>]\n           <command> [<args>]\n\nThese are common Git commands used in various situations:\n\nstart a working area (see also: git help tutorial)\n   clone     Clone a repository into a new directory\n   init      Create an empty Git repository or reinitialize an existing one\n\nwork on the current change (see also: git help everyday)\n   add       Add file contents to the index\n   mv        Move or rename a file, a directory, or a symlink\n   restore   Restore working tree files\n   rm        Remove files from the working tree and from the index\n\nexamine the history and state (see also: git help revisions)\n   bisect    Use binary search to find the commit that introduced a bug\n   diff      Show changes between commits, commit and working tree, etc\n   grep      Print lines matching a pattern\n   log       Show commit logs\n   show      Show various types of objects\n   status    Show the working tree status\n\ngrow, mark and tweak your common history\n   branch    List, create, or delete branches\n   commit    Record changes to the repository\n   merge     Join two or more development histories together\n   rebase    Reapply commits on top of another base tip\n   reset     Reset current HEAD to the specified state\n   switch    Switch branches\n   tag       Create, list, delete or verify a tag object signed with GPG\n\ncollaborate (see also: git help workflows)\n   fetch     Download objects and refs from another repository\n   pull      Fetch from and integrate with another repository or a local branch\n   push      Update remote refs along with associated objects\n\n'git help -a' and 'git help -g' list available subcommands and some\nconcept guides. See 'git help <command>' or 'git help <concept>'\nto read about a specific subcommand or concept.\nSee 'git help git' for an overview of the system.\n""
21:12:24.192453 [debug] [MainThread]: STDERR: "b''"
21:12:24.192925 [debug] [MainThread]: Sending event: {'category': 'dbt', 'action': 'invocation', 'label': 'end', 'context': [<snowplow_tracker.self_describing_json.SelfDescribingJson object at 0x7f8ac8a60400>, <snowplow_tracker.self_describing_json.SelfDescribingJson object at 0x7f8ac8492340>, <snowplow_tracker.self_describing_json.SelfDescribingJson object at 0x7f8ac8492c40>]}


============================== 2022-07-15 21:13:06.773452 | 9599edae-a214-4a59-9bcd-2515a205c140 ==============================
21:13:06.773462 [info ] [MainThread]: Running with dbt=1.1.1
21:13:06.773800 [debug] [MainThread]: running dbt with arguments {'write_json': True, 'use_colors': True, 'printer_width': 80, 'version_check': True, 'partial_parse': True, 'static_parser': True, 'profiles_dir': '/home/razortech/.dbt', 'send_anonymous_usage_stats': True, 'event_buffer_size': 100000, 'quiet': False, 'no_print': False, 'config_dir': False, 'which': 'debug', 'indirect_selection': 'eager'}
21:13:06.773940 [debug] [MainThread]: Tracking: tracking
21:13:06.777340 [debug] [MainThread]: Sending event: {'category': 'dbt', 'action': 'invocation', 'label': 'start', 'context': [<snowplow_tracker.self_describing_json.SelfDescribingJson object at 0x7fd483fa0220>, <snowplow_tracker.self_describing_json.SelfDescribingJson object at 0x7fd483fa01c0>, <snowplow_tracker.self_describing_json.SelfDescribingJson object at 0x7fd483fa0160>]}
21:13:06.816128 [debug] [MainThread]: Executing "git --help"
21:13:06.819971 [debug] [MainThread]: STDOUT: "b"usage: git [--version] [--help] [-C <path>] [-c <name>=<value>]\n           [--exec-path[=<path>]] [--html-path] [--man-path] [--info-path]\n           [-p | --paginate | -P | --no-pager] [--no-replace-objects] [--bare]\n           [--git-dir=<path>] [--work-tree=<path>] [--namespace=<name>]\n           [--super-prefix=<path>] [--config-env=<name>=<envvar>]\n           <command> [<args>]\n\nThese are common Git commands used in various situations:\n\nstart a working area (see also: git help tutorial)\n   clone     Clone a repository into a new directory\n   init      Create an empty Git repository or reinitialize an existing one\n\nwork on the current change (see also: git help everyday)\n   add       Add file contents to the index\n   mv        Move or rename a file, a directory, or a symlink\n   restore   Restore working tree files\n   rm        Remove files from the working tree and from the index\n\nexamine the history and state (see also: git help revisions)\n   bisect    Use binary search to find the commit that introduced a bug\n   diff      Show changes between commits, commit and working tree, etc\n   grep      Print lines matching a pattern\n   log       Show commit logs\n   show      Show various types of objects\n   status    Show the working tree status\n\ngrow, mark and tweak your common history\n   branch    List, create, or delete branches\n   commit    Record changes to the repository\n   merge     Join two or more development histories together\n   rebase    Reapply commits on top of another base tip\n   reset     Reset current HEAD to the specified state\n   switch    Switch branches\n   tag       Create, list, delete or verify a tag object signed with GPG\n\ncollaborate (see also: git help workflows)\n   fetch     Download objects and refs from another repository\n   pull      Fetch from and integrate with another repository or a local branch\n   push      Update remote refs along with associated objects\n\n'git help -a' and 'git help -g' list available subcommands and some\nconcept guides. See 'git help <command>' or 'git help <concept>'\nto read about a specific subcommand or concept.\nSee 'git help git' for an overview of the system.\n""
21:13:06.820322 [debug] [MainThread]: STDERR: "b''"
21:13:06.823228 [debug] [MainThread]: Acquiring new postgres connection "debug"
21:13:06.823878 [debug] [MainThread]: Using postgres connection "debug"
21:13:06.824029 [debug] [MainThread]: On debug: select 1 as id
21:13:06.824161 [debug] [MainThread]: Opening a new connection, currently in state init
21:13:06.835198 [debug] [MainThread]: SQL status: SELECT 1 in 0.01 seconds
21:13:06.836311 [debug] [MainThread]: On debug: Close
21:13:06.836776 [debug] [MainThread]: Sending event: {'category': 'dbt', 'action': 'invocation', 'label': 'end', 'context': [<snowplow_tracker.self_describing_json.SelfDescribingJson object at 0x7fd4837bee20>, <snowplow_tracker.self_describing_json.SelfDescribingJson object at 0x7fd4837be550>, <snowplow_tracker.self_describing_json.SelfDescribingJson object at 0x7fd4837bedf0>]}
21:13:10.687170 [debug] [MainThread]: Connection 'debug' was properly closed.
