[32m2022-07-16 12:08:03 +0530[0m - dagster - [34mDEBUG[0m - run_ingest_job - c4e1dada-5362-4524-8f92-ae85cebc1a8e - 98649 - fetch_data - LOGS_CAPTURED - Started capturing logs for step: fetch_data.
[32m2022-07-16 12:08:03 +0530[0m - dagster - [34mDEBUG[0m - run_ingest_job - c4e1dada-5362-4524-8f92-ae85cebc1a8e - 98649 - fetch_data - STEP_START - Started execution of step "fetch_data".
[32m2022-07-16 12:08:03 +0530[0m - dagster - [34mINFO[0m - run_ingest_job - c4e1dada-5362-4524-8f92-ae85cebc1a8e - fetch_data -   Federal Provider Number  ... Date vaccination data last updated
0                  015009  ...                         06/26/2022
1                  015010  ...                         06/26/2022
2                  015012  ...                         06/26/2022
3                  015014  ...                         06/26/2022
4                  015015  ...                         06/26/2022

[5 rows x 7 columns]
      Federal Provider Number  ... Date vaccination data last updated
0                      015009  ...                         06/26/2022
1                      015010  ...                         06/26/2022
2                      015012  ...                         06/26/2022
3                      015014  ...                         06/26/2022
4                      015015  ...                         06/26/2022
...                       ...  ...                                ...
15185                  745001  ...                         06/26/2022
15186                  745002  ...                         06/26/2022
15187                  745003  ...                         06/26/2022
15188                  745005  ...                         06/26/2022
15189                  745006  ...                         06/26/2022

[15190 rows x 7 columns]
[32m2022-07-16 12:08:03 +0530[0m - dagster - [34mDEBUG[0m - run_ingest_job - c4e1dada-5362-4524-8f92-ae85cebc1a8e - 98649 - fetch_data - STEP_OUTPUT - Yielded output "df" of type "Any". (Type check passed).
[32m2022-07-16 12:08:03 +0530[0m - dagster - [34mDEBUG[0m - run_ingest_job - c4e1dada-5362-4524-8f92-ae85cebc1a8e - 98649 - fetch_data - HANDLED_OUTPUT - Handled output "df" using IO manager "io_manager"
[32m2022-07-16 12:08:03 +0530[0m - dagster - [34mDEBUG[0m - run_ingest_job - c4e1dada-5362-4524-8f92-ae85cebc1a8e - 98649 - fetch_data - STEP_SUCCESS - Finished execution of step "fetch_data" in 104ms.
