[32m2022-07-16 12:06:08 +0530[0m - dagster - [34mDEBUG[0m - run_ingest_job - 189789cc-2fca-4c97-bff7-eb76a2321167 - 98116 - ingest_data_to_postgres - LOGS_CAPTURED - Started capturing logs for step: ingest_data_to_postgres.
[32m2022-07-16 12:06:08 +0530[0m - dagster - [34mDEBUG[0m - run_ingest_job - 189789cc-2fca-4c97-bff7-eb76a2321167 - 98116 - ingest_data_to_postgres - STEP_START - Started execution of step "ingest_data_to_postgres".
[32m2022-07-16 12:06:08 +0530[0m - dagster - [34mDEBUG[0m - run_ingest_job - 189789cc-2fca-4c97-bff7-eb76a2321167 - 98116 - ingest_data_to_postgres - LOADED_INPUT - Loaded input "df" using input manager "io_manager", from output "df" of step "fetch_data"
[32m2022-07-16 12:06:08 +0530[0m - dagster - [34mDEBUG[0m - run_ingest_job - 189789cc-2fca-4c97-bff7-eb76a2321167 - 98116 - ingest_data_to_postgres - STEP_INPUT - Got input "df" of type "DataFrame". (Type check passed).
[32m2022-07-16 12:06:08 +0530[0m - dagster - [34mINFO[0m - run_ingest_job - 189789cc-2fca-4c97-bff7-eb76a2321167 - ingest_data_to_postgres -   Federal Provider Number  ... Processing Date
0                  015009  ...      2022-06-01
1                  015010  ...      2022-06-01
2                  015012  ...      2022-06-01
3                  015014  ...      2022-06-01
4                  015015  ...      2022-06-01

[5 rows x 96 columns]
  Federal Provider Number  ... Processing Date
0                  015009  ...      2022-06-01
1                  015010  ...      2022-06-01
2                  015012  ...      2022-06-01
3                  015014  ...      2022-06-01
4                  015015  ...      2022-06-01

[5 rows x 96 columns]
[32m2022-07-16 12:06:13 +0530[0m - dagster - [34mINFO[0m - run_ingest_job - 189789cc-2fca-4c97-bff7-eb76a2321167 - ingest_data_to_postgres - Data ingestion successful
[32m2022-07-16 12:06:13 +0530[0m - dagster - [34mDEBUG[0m - run_ingest_job - 189789cc-2fca-4c97-bff7-eb76a2321167 - 98116 - ingest_data_to_postgres - STEP_OUTPUT - Yielded output "result" of type "Any". (Type check passed).
[32m2022-07-16 12:06:13 +0530[0m - dagster - [34mDEBUG[0m - run_ingest_job - 189789cc-2fca-4c97-bff7-eb76a2321167 - 98116 - ingest_data_to_postgres - HANDLED_OUTPUT - Handled output "result" using IO manager "io_manager"
[32m2022-07-16 12:06:13 +0530[0m - dagster - [34mDEBUG[0m - run_ingest_job - 189789cc-2fca-4c97-bff7-eb76a2321167 - 98116 - ingest_data_to_postgres - STEP_SUCCESS - Finished execution of step "ingest_data_to_postgres" in 4.69s.
